ERROR - 2025-01-15 12:53:28 --> Error connecting to the database: mysqli_sql_exception: No such file or directory in /var/www/system/Database/MySQLi/Connection.php:187
Stack trace:
#0 /var/www/system/Database/MySQLi/Connection.php(187): mysqli->real_connect('localhost', 'root', 'password', 'ci4', 9503, '', 0)
#1 /var/www/system/Database/BaseConnection.php(421): CodeIgniter\Database\MySQLi\Connection->connect(false)
#2 /var/www/system/Database/BaseConnection.php(616): CodeIgniter\Database\BaseConnection->initialize()
#3 /var/www/system/Database/BaseConnection.php(1487): CodeIgniter\Database\BaseConnection->query('SHOW TABLES FRO...')
#4 /var/www/system/Database/BaseConnection.php(1507): CodeIgniter\Database\BaseConnection->listTables()
#5 /var/www/system/Database/MigrationRunner.php(758): CodeIgniter\Database\BaseConnection->tableExists('migrations')
#6 /var/www/system/Database/MigrationRunner.php(162): CodeIgniter\Database\MigrationRunner->ensureTable()
#7 /var/www/system/Commands/Database/Migrate.php(85): CodeIgniter\Database\MigrationRunner->latest(NULL)
#8 /var/www/system/CLI/Commands.php(70): CodeIgniter\Commands\Database\Migrate->run(Array)
#9 /var/www/system/CLI/Console.php(48): CodeIgniter\CLI\Commands->run('migrate', Array)
#10 /var/www/system/Boot.php(360): CodeIgniter\CLI\Console->run()
#11 /var/www/system/Boot.php(104): CodeIgniter\Boot::runCommand(Object(CodeIgniter\CLI\Console))
#12 /var/www/spark(84): CodeIgniter\Boot::bootSpark(Object(Config\Paths))
#13 {main}

Next CodeIgniter\Database\Exceptions\DatabaseException: No such file or directory in /var/www/system/Database/MySQLi/Connection.php:231
Stack trace:
#0 /var/www/system/Database/BaseConnection.php(421): CodeIgniter\Database\MySQLi\Connection->connect(false)
#1 /var/www/system/Database/BaseConnection.php(616): CodeIgniter\Database\BaseConnection->initialize()
#2 /var/www/system/Database/BaseConnection.php(1487): CodeIgniter\Database\BaseConnection->query('SHOW TABLES FRO...')
#3 /var/www/system/Database/BaseConnection.php(1507): CodeIgniter\Database\BaseConnection->listTables()
#4 /var/www/system/Database/MigrationRunner.php(758): CodeIgniter\Database\BaseConnection->tableExists('migrations')
#5 /var/www/system/Database/MigrationRunner.php(162): CodeIgniter\Database\MigrationRunner->ensureTable()
#6 /var/www/system/Commands/Database/Migrate.php(85): CodeIgniter\Database\MigrationRunner->latest(NULL)
#7 /var/www/system/CLI/Commands.php(70): CodeIgniter\Commands\Database\Migrate->run(Array)
#8 /var/www/system/CLI/Console.php(48): CodeIgniter\CLI\Commands->run('migrate', Array)
#9 /var/www/system/Boot.php(360): CodeIgniter\CLI\Console->run()
#10 /var/www/system/Boot.php(104): CodeIgniter\Boot::runCommand(Object(CodeIgniter\CLI\Console))
#11 /var/www/spark(84): CodeIgniter\Boot::bootSpark(Object(Config\Paths))
#12 {main}
ERROR - 2025-01-15 12:55:20 --> Error connecting to the database: mysqli_sql_exception: No such file or directory in /var/www/system/Database/MySQLi/Connection.php:187
Stack trace:
#0 /var/www/system/Database/MySQLi/Connection.php(187): mysqli->real_connect('localhost', 'root', 'password', 'ci4', 9503, '', 0)
#1 /var/www/system/Database/BaseConnection.php(421): CodeIgniter\Database\MySQLi\Connection->connect(false)
#2 /var/www/system/Database/BaseConnection.php(616): CodeIgniter\Database\BaseConnection->initialize()
#3 /var/www/system/Database/BaseConnection.php(1487): CodeIgniter\Database\BaseConnection->query('SHOW TABLES FRO...')
#4 /var/www/system/Database/BaseConnection.php(1507): CodeIgniter\Database\BaseConnection->listTables()
#5 /var/www/system/Database/MigrationRunner.php(758): CodeIgniter\Database\BaseConnection->tableExists('migrations')
#6 /var/www/system/Database/MigrationRunner.php(162): CodeIgniter\Database\MigrationRunner->ensureTable()
#7 /var/www/system/Commands/Database/Migrate.php(85): CodeIgniter\Database\MigrationRunner->latest(NULL)
#8 /var/www/system/CLI/Commands.php(70): CodeIgniter\Commands\Database\Migrate->run(Array)
#9 /var/www/system/CLI/Console.php(48): CodeIgniter\CLI\Commands->run('migrate', Array)
#10 /var/www/system/Boot.php(360): CodeIgniter\CLI\Console->run()
#11 /var/www/system/Boot.php(104): CodeIgniter\Boot::runCommand(Object(CodeIgniter\CLI\Console))
#12 /var/www/spark(84): CodeIgniter\Boot::bootSpark(Object(Config\Paths))
#13 {main}

Next CodeIgniter\Database\Exceptions\DatabaseException: No such file or directory in /var/www/system/Database/MySQLi/Connection.php:231
Stack trace:
#0 /var/www/system/Database/BaseConnection.php(421): CodeIgniter\Database\MySQLi\Connection->connect(false)
#1 /var/www/system/Database/BaseConnection.php(616): CodeIgniter\Database\BaseConnection->initialize()
#2 /var/www/system/Database/BaseConnection.php(1487): CodeIgniter\Database\BaseConnection->query('SHOW TABLES FRO...')
#3 /var/www/system/Database/BaseConnection.php(1507): CodeIgniter\Database\BaseConnection->listTables()
#4 /var/www/system/Database/MigrationRunner.php(758): CodeIgniter\Database\BaseConnection->tableExists('migrations')
#5 /var/www/system/Database/MigrationRunner.php(162): CodeIgniter\Database\MigrationRunner->ensureTable()
#6 /var/www/system/Commands/Database/Migrate.php(85): CodeIgniter\Database\MigrationRunner->latest(NULL)
#7 /var/www/system/CLI/Commands.php(70): CodeIgniter\Commands\Database\Migrate->run(Array)
#8 /var/www/system/CLI/Console.php(48): CodeIgniter\CLI\Commands->run('migrate', Array)
#9 /var/www/system/Boot.php(360): CodeIgniter\CLI\Console->run()
#10 /var/www/system/Boot.php(104): CodeIgniter\Boot::runCommand(Object(CodeIgniter\CLI\Console))
#11 /var/www/spark(84): CodeIgniter\Boot::bootSpark(Object(Config\Paths))
#12 {main}
ERROR - 2025-01-15 12:56:09 --> Error connecting to the database: mysqli_sql_exception: No such file or directory in /var/www/system/Database/MySQLi/Connection.php:187
Stack trace:
#0 /var/www/system/Database/MySQLi/Connection.php(187): mysqli->real_connect('localhost', 'root', 'password', 'ci4', 9503, '', 0)
#1 /var/www/system/Database/BaseConnection.php(421): CodeIgniter\Database\MySQLi\Connection->connect(false)
#2 /var/www/system/Database/BaseConnection.php(616): CodeIgniter\Database\BaseConnection->initialize()
#3 /var/www/system/Database/BaseConnection.php(1487): CodeIgniter\Database\BaseConnection->query('SHOW TABLES FRO...')
#4 /var/www/system/Database/BaseConnection.php(1507): CodeIgniter\Database\BaseConnection->listTables()
#5 /var/www/system/Database/MigrationRunner.php(758): CodeIgniter\Database\BaseConnection->tableExists('migrations')
#6 /var/www/system/Database/MigrationRunner.php(162): CodeIgniter\Database\MigrationRunner->ensureTable()
#7 /var/www/system/Commands/Database/Migrate.php(85): CodeIgniter\Database\MigrationRunner->latest(NULL)
#8 /var/www/system/CLI/Commands.php(70): CodeIgniter\Commands\Database\Migrate->run(Array)
#9 /var/www/system/CLI/Console.php(48): CodeIgniter\CLI\Commands->run('migrate', Array)
#10 /var/www/system/Boot.php(360): CodeIgniter\CLI\Console->run()
#11 /var/www/system/Boot.php(104): CodeIgniter\Boot::runCommand(Object(CodeIgniter\CLI\Console))
#12 /var/www/spark(84): CodeIgniter\Boot::bootSpark(Object(Config\Paths))
#13 {main}

Next CodeIgniter\Database\Exceptions\DatabaseException: No such file or directory in /var/www/system/Database/MySQLi/Connection.php:231
Stack trace:
#0 /var/www/system/Database/BaseConnection.php(421): CodeIgniter\Database\MySQLi\Connection->connect(false)
#1 /var/www/system/Database/BaseConnection.php(616): CodeIgniter\Database\BaseConnection->initialize()
#2 /var/www/system/Database/BaseConnection.php(1487): CodeIgniter\Database\BaseConnection->query('SHOW TABLES FRO...')
#3 /var/www/system/Database/BaseConnection.php(1507): CodeIgniter\Database\BaseConnection->listTables()
#4 /var/www/system/Database/MigrationRunner.php(758): CodeIgniter\Database\BaseConnection->tableExists('migrations')
#5 /var/www/system/Database/MigrationRunner.php(162): CodeIgniter\Database\MigrationRunner->ensureTable()
#6 /var/www/system/Commands/Database/Migrate.php(85): CodeIgniter\Database\MigrationRunner->latest(NULL)
#7 /var/www/system/CLI/Commands.php(70): CodeIgniter\Commands\Database\Migrate->run(Array)
#8 /var/www/system/CLI/Console.php(48): CodeIgniter\CLI\Commands->run('migrate', Array)
#9 /var/www/system/Boot.php(360): CodeIgniter\CLI\Console->run()
#10 /var/www/system/Boot.php(104): CodeIgniter\Boot::runCommand(Object(CodeIgniter\CLI\Console))
#11 /var/www/spark(84): CodeIgniter\Boot::bootSpark(Object(Config\Paths))
#12 {main}
ERROR - 2025-01-15 12:56:23 --> Error connecting to the database: mysqli_sql_exception: No such file or directory in /var/www/system/Database/MySQLi/Connection.php:187
Stack trace:
#0 /var/www/system/Database/MySQLi/Connection.php(187): mysqli->real_connect('localhost', 'root', 'password', 'ci4', 9503, '', 0)
#1 /var/www/system/Database/BaseConnection.php(421): CodeIgniter\Database\MySQLi\Connection->connect(false)
#2 /var/www/system/Database/BaseConnection.php(616): CodeIgniter\Database\BaseConnection->initialize()
#3 /var/www/system/Database/BaseConnection.php(1487): CodeIgniter\Database\BaseConnection->query('SHOW TABLES FRO...')
#4 /var/www/system/Database/BaseConnection.php(1507): CodeIgniter\Database\BaseConnection->listTables()
#5 /var/www/system/Database/MigrationRunner.php(758): CodeIgniter\Database\BaseConnection->tableExists('migrations')
#6 /var/www/system/Database/MigrationRunner.php(162): CodeIgniter\Database\MigrationRunner->ensureTable()
#7 /var/www/system/Commands/Database/Migrate.php(85): CodeIgniter\Database\MigrationRunner->latest(NULL)
#8 /var/www/system/CLI/Commands.php(70): CodeIgniter\Commands\Database\Migrate->run(Array)
#9 /var/www/system/CLI/Console.php(48): CodeIgniter\CLI\Commands->run('migrate', Array)
#10 /var/www/system/Boot.php(360): CodeIgniter\CLI\Console->run()
#11 /var/www/system/Boot.php(104): CodeIgniter\Boot::runCommand(Object(CodeIgniter\CLI\Console))
#12 /var/www/spark(84): CodeIgniter\Boot::bootSpark(Object(Config\Paths))
#13 {main}

Next CodeIgniter\Database\Exceptions\DatabaseException: No such file or directory in /var/www/system/Database/MySQLi/Connection.php:231
Stack trace:
#0 /var/www/system/Database/BaseConnection.php(421): CodeIgniter\Database\MySQLi\Connection->connect(false)
#1 /var/www/system/Database/BaseConnection.php(616): CodeIgniter\Database\BaseConnection->initialize()
#2 /var/www/system/Database/BaseConnection.php(1487): CodeIgniter\Database\BaseConnection->query('SHOW TABLES FRO...')
#3 /var/www/system/Database/BaseConnection.php(1507): CodeIgniter\Database\BaseConnection->listTables()
#4 /var/www/system/Database/MigrationRunner.php(758): CodeIgniter\Database\BaseConnection->tableExists('migrations')
#5 /var/www/system/Database/MigrationRunner.php(162): CodeIgniter\Database\MigrationRunner->ensureTable()
#6 /var/www/system/Commands/Database/Migrate.php(85): CodeIgniter\Database\MigrationRunner->latest(NULL)
#7 /var/www/system/CLI/Commands.php(70): CodeIgniter\Commands\Database\Migrate->run(Array)
#8 /var/www/system/CLI/Console.php(48): CodeIgniter\CLI\Commands->run('migrate', Array)
#9 /var/www/system/Boot.php(360): CodeIgniter\CLI\Console->run()
#10 /var/www/system/Boot.php(104): CodeIgniter\Boot::runCommand(Object(CodeIgniter\CLI\Console))
#11 /var/www/spark(84): CodeIgniter\Boot::bootSpark(Object(Config\Paths))
#12 {main}
ERROR - 2025-01-15 12:57:02 --> Error connecting to the database: mysqli_sql_exception: Unknown database 'ci4' in /var/www/system/Database/MySQLi/Connection.php:187
Stack trace:
#0 /var/www/system/Database/MySQLi/Connection.php(187): mysqli->real_connect('mysql', 'root', 'password', 'ci4', 3306, '', 0)
#1 /var/www/system/Database/BaseConnection.php(421): CodeIgniter\Database\MySQLi\Connection->connect(false)
#2 /var/www/system/Database/BaseConnection.php(616): CodeIgniter\Database\BaseConnection->initialize()
#3 /var/www/system/Database/BaseConnection.php(1487): CodeIgniter\Database\BaseConnection->query('SHOW TABLES FRO...')
#4 /var/www/system/Database/BaseConnection.php(1507): CodeIgniter\Database\BaseConnection->listTables()
#5 /var/www/system/Database/MigrationRunner.php(758): CodeIgniter\Database\BaseConnection->tableExists('migrations')
#6 /var/www/system/Database/MigrationRunner.php(162): CodeIgniter\Database\MigrationRunner->ensureTable()
#7 /var/www/system/Commands/Database/Migrate.php(85): CodeIgniter\Database\MigrationRunner->latest(NULL)
#8 /var/www/system/CLI/Commands.php(70): CodeIgniter\Commands\Database\Migrate->run(Array)
#9 /var/www/system/CLI/Console.php(48): CodeIgniter\CLI\Commands->run('migrate', Array)
#10 /var/www/system/Boot.php(360): CodeIgniter\CLI\Console->run()
#11 /var/www/system/Boot.php(104): CodeIgniter\Boot::runCommand(Object(CodeIgniter\CLI\Console))
#12 /var/www/spark(84): CodeIgniter\Boot::bootSpark(Object(Config\Paths))
#13 {main}

Next CodeIgniter\Database\Exceptions\DatabaseException: Unknown database 'ci4' in /var/www/system/Database/MySQLi/Connection.php:231
Stack trace:
#0 /var/www/system/Database/BaseConnection.php(421): CodeIgniter\Database\MySQLi\Connection->connect(false)
#1 /var/www/system/Database/BaseConnection.php(616): CodeIgniter\Database\BaseConnection->initialize()
#2 /var/www/system/Database/BaseConnection.php(1487): CodeIgniter\Database\BaseConnection->query('SHOW TABLES FRO...')
#3 /var/www/system/Database/BaseConnection.php(1507): CodeIgniter\Database\BaseConnection->listTables()
#4 /var/www/system/Database/MigrationRunner.php(758): CodeIgniter\Database\BaseConnection->tableExists('migrations')
#5 /var/www/system/Database/MigrationRunner.php(162): CodeIgniter\Database\MigrationRunner->ensureTable()
#6 /var/www/system/Commands/Database/Migrate.php(85): CodeIgniter\Database\MigrationRunner->latest(NULL)
#7 /var/www/system/CLI/Commands.php(70): CodeIgniter\Commands\Database\Migrate->run(Array)
#8 /var/www/system/CLI/Console.php(48): CodeIgniter\CLI\Commands->run('migrate', Array)
#9 /var/www/system/Boot.php(360): CodeIgniter\CLI\Console->run()
#10 /var/www/system/Boot.php(104): CodeIgniter\Boot::runCommand(Object(CodeIgniter\CLI\Console))
#11 /var/www/spark(84): CodeIgniter\Boot::bootSpark(Object(Config\Paths))
#12 {main}
CRITICAL - 2025-01-15 13:25:34 --> TypeError: App\Models\Jiachu\M_User::validateLogin(): Argument #1 ($account) must be of type string, null given, called in /var/www/app/Controllers/Jiachu/User.php on line 43
[Method: POST, Route: api/login]
in APPPATH/Models/Jiachu/M_User.php on line 31.
 1 APPPATH/Controllers/Jiachu/User.php(43): App\Models\Jiachu\M_User->validateLogin(null, null)
 2 SYSTEMPATH/CodeIgniter.php(933): App\Controllers\Jiachu\User->login()
 3 SYSTEMPATH/CodeIgniter.php(509): CodeIgniter\CodeIgniter->runController(Object(App\Controllers\Jiachu\User))
 4 SYSTEMPATH/CodeIgniter.php(355): CodeIgniter\CodeIgniter->handleRequest(null, Object(Config\Cache), false)
 5 SYSTEMPATH/Boot.php(334): CodeIgniter\CodeIgniter->run()
 6 SYSTEMPATH/Boot.php(67): CodeIgniter\Boot::runCodeIgniter(Object(CodeIgniter\CodeIgniter))
 7 FCPATH/index.php(56): CodeIgniter\Boot::bootWeb(Object(Config\Paths))
CRITICAL - 2025-01-15 13:25:46 --> TypeError: App\Models\Jiachu\M_User::validateLogin(): Argument #1 ($account) must be of type string, null given, called in /var/www/app/Controllers/Jiachu/User.php on line 43
[Method: POST, Route: api/login]
in APPPATH/Models/Jiachu/M_User.php on line 31.
 1 APPPATH/Controllers/Jiachu/User.php(43): App\Models\Jiachu\M_User->validateLogin(null, null)
 2 SYSTEMPATH/CodeIgniter.php(933): App\Controllers\Jiachu\User->login()
 3 SYSTEMPATH/CodeIgniter.php(509): CodeIgniter\CodeIgniter->runController(Object(App\Controllers\Jiachu\User))
 4 SYSTEMPATH/CodeIgniter.php(355): CodeIgniter\CodeIgniter->handleRequest(null, Object(Config\Cache), false)
 5 SYSTEMPATH/Boot.php(334): CodeIgniter\CodeIgniter->run()
 6 SYSTEMPATH/Boot.php(67): CodeIgniter\Boot::runCodeIgniter(Object(CodeIgniter\CodeIgniter))
 7 FCPATH/index.php(56): CodeIgniter\Boot::bootWeb(Object(Config\Paths))
CRITICAL - 2025-01-15 13:26:31 --> TypeError: App\Models\Jiachu\M_User::validateLogin(): Argument #1 ($account) must be of type string, null given, called in /var/www/app/Controllers/Jiachu/User.php on line 43
[Method: POST, Route: api/login]
in APPPATH/Models/Jiachu/M_User.php on line 31.
 1 APPPATH/Controllers/Jiachu/User.php(43): App\Models\Jiachu\M_User->validateLogin(null, null)
 2 SYSTEMPATH/CodeIgniter.php(933): App\Controllers\Jiachu\User->login()
 3 SYSTEMPATH/CodeIgniter.php(509): CodeIgniter\CodeIgniter->runController(Object(App\Controllers\Jiachu\User))
 4 SYSTEMPATH/CodeIgniter.php(355): CodeIgniter\CodeIgniter->handleRequest(null, Object(Config\Cache), false)
 5 SYSTEMPATH/Boot.php(334): CodeIgniter\CodeIgniter->run()
 6 SYSTEMPATH/Boot.php(67): CodeIgniter\Boot::runCodeIgniter(Object(CodeIgniter\CodeIgniter))
 7 FCPATH/index.php(56): CodeIgniter\Boot::bootWeb(Object(Config\Paths))
CRITICAL - 2025-01-15 13:26:45 --> TypeError: App\Models\Jiachu\M_User::validateLogin(): Argument #1 ($account) must be of type string, null given, called in /var/www/app/Controllers/Jiachu/User.php on line 43
[Method: POST, Route: api/login]
in APPPATH/Models/Jiachu/M_User.php on line 31.
 1 APPPATH/Controllers/Jiachu/User.php(43): App\Models\Jiachu\M_User->validateLogin(null, null)
 2 SYSTEMPATH/CodeIgniter.php(933): App\Controllers\Jiachu\User->login()
 3 SYSTEMPATH/CodeIgniter.php(509): CodeIgniter\CodeIgniter->runController(Object(App\Controllers\Jiachu\User))
 4 SYSTEMPATH/CodeIgniter.php(355): CodeIgniter\CodeIgniter->handleRequest(null, Object(Config\Cache), false)
 5 SYSTEMPATH/Boot.php(334): CodeIgniter\CodeIgniter->run()
 6 SYSTEMPATH/Boot.php(67): CodeIgniter\Boot::runCodeIgniter(Object(CodeIgniter\CodeIgniter))
 7 FCPATH/index.php(56): CodeIgniter\Boot::bootWeb(Object(Config\Paths))
CRITICAL - 2025-01-15 13:27:19 --> TypeError: App\Models\Jiachu\M_User::validateLogin(): Argument #1 ($account) must be of type string, null given, called in /var/www/app/Controllers/Jiachu/User.php on line 43
[Method: POST, Route: api/login]
in APPPATH/Models/Jiachu/M_User.php on line 31.
 1 APPPATH/Controllers/Jiachu/User.php(43): App\Models\Jiachu\M_User->validateLogin(null, null)
 2 SYSTEMPATH/CodeIgniter.php(933): App\Controllers\Jiachu\User->login()
 3 SYSTEMPATH/CodeIgniter.php(509): CodeIgniter\CodeIgniter->runController(Object(App\Controllers\Jiachu\User))
 4 SYSTEMPATH/CodeIgniter.php(355): CodeIgniter\CodeIgniter->handleRequest(null, Object(Config\Cache), false)
 5 SYSTEMPATH/Boot.php(334): CodeIgniter\CodeIgniter->run()
 6 SYSTEMPATH/Boot.php(67): CodeIgniter\Boot::runCodeIgniter(Object(CodeIgniter\CodeIgniter))
 7 FCPATH/index.php(56): CodeIgniter\Boot::bootWeb(Object(Config\Paths))
CRITICAL - 2025-01-15 13:28:13 --> TypeError: App\Models\Jiachu\M_User::validateLogin(): Argument #1 ($account) must be of type string, null given, called in /var/www/app/Controllers/Jiachu/User.php on line 43
[Method: POST, Route: api/login]
in APPPATH/Models/Jiachu/M_User.php on line 31.
 1 APPPATH/Controllers/Jiachu/User.php(43): App\Models\Jiachu\M_User->validateLogin(null, null)
 2 SYSTEMPATH/CodeIgniter.php(933): App\Controllers\Jiachu\User->login()
 3 SYSTEMPATH/CodeIgniter.php(509): CodeIgniter\CodeIgniter->runController(Object(App\Controllers\Jiachu\User))
 4 SYSTEMPATH/CodeIgniter.php(355): CodeIgniter\CodeIgniter->handleRequest(null, Object(Config\Cache), false)
 5 SYSTEMPATH/Boot.php(334): CodeIgniter\CodeIgniter->run()
 6 SYSTEMPATH/Boot.php(67): CodeIgniter\Boot::runCodeIgniter(Object(CodeIgniter\CodeIgniter))
 7 FCPATH/index.php(56): CodeIgniter\Boot::bootWeb(Object(Config\Paths))
CRITICAL - 2025-01-15 13:35:45 --> TypeError: App\Models\Jiachu\M_User::validateLogin(): Argument #1 ($account) must be of type string, null given, called in /var/www/app/Controllers/Jiachu/User.php on line 43
[Method: POST, Route: api/login]
in APPPATH/Models/Jiachu/M_User.php on line 31.
 1 APPPATH/Controllers/Jiachu/User.php(43): App\Models\Jiachu\M_User->validateLogin(null, null)
 2 SYSTEMPATH/CodeIgniter.php(933): App\Controllers\Jiachu\User->login()
 3 SYSTEMPATH/CodeIgniter.php(509): CodeIgniter\CodeIgniter->runController(Object(App\Controllers\Jiachu\User))
 4 SYSTEMPATH/CodeIgniter.php(355): CodeIgniter\CodeIgniter->handleRequest(null, Object(Config\Cache), false)
 5 SYSTEMPATH/Boot.php(334): CodeIgniter\CodeIgniter->run()
 6 SYSTEMPATH/Boot.php(67): CodeIgniter\Boot::runCodeIgniter(Object(CodeIgniter\CodeIgniter))
 7 FCPATH/index.php(56): CodeIgniter\Boot::bootWeb(Object(Config\Paths))
CRITICAL - 2025-01-15 13:36:03 --> TypeError: App\Models\Jiachu\M_User::validateLogin(): Argument #1 ($account) must be of type string, null given, called in /var/www/app/Controllers/Jiachu/User.php on line 43
[Method: POST, Route: api/login]
in APPPATH/Models/Jiachu/M_User.php on line 31.
 1 APPPATH/Controllers/Jiachu/User.php(43): App\Models\Jiachu\M_User->validateLogin(null, null)
 2 SYSTEMPATH/CodeIgniter.php(933): App\Controllers\Jiachu\User->login()
 3 SYSTEMPATH/CodeIgniter.php(509): CodeIgniter\CodeIgniter->runController(Object(App\Controllers\Jiachu\User))
 4 SYSTEMPATH/CodeIgniter.php(355): CodeIgniter\CodeIgniter->handleRequest(null, Object(Config\Cache), false)
 5 SYSTEMPATH/Boot.php(334): CodeIgniter\CodeIgniter->run()
 6 SYSTEMPATH/Boot.php(67): CodeIgniter\Boot::runCodeIgniter(Object(CodeIgniter\CodeIgniter))
 7 FCPATH/index.php(56): CodeIgniter\Boot::bootWeb(Object(Config\Paths))
CRITICAL - 2025-01-15 13:36:40 --> TypeError: App\Models\Jiachu\M_User::validateLogin(): Argument #1 ($account) must be of type string, null given, called in /var/www/app/Controllers/Jiachu/User.php on line 43
[Method: POST, Route: api/login]
in APPPATH/Models/Jiachu/M_User.php on line 31.
 1 APPPATH/Controllers/Jiachu/User.php(43): App\Models\Jiachu\M_User->validateLogin(null, null)
 2 SYSTEMPATH/CodeIgniter.php(933): App\Controllers\Jiachu\User->login()
 3 SYSTEMPATH/CodeIgniter.php(509): CodeIgniter\CodeIgniter->runController(Object(App\Controllers\Jiachu\User))
 4 SYSTEMPATH/CodeIgniter.php(355): CodeIgniter\CodeIgniter->handleRequest(null, Object(Config\Cache), false)
 5 SYSTEMPATH/Boot.php(334): CodeIgniter\CodeIgniter->run()
 6 SYSTEMPATH/Boot.php(67): CodeIgniter\Boot::runCodeIgniter(Object(CodeIgniter\CodeIgniter))
 7 FCPATH/index.php(56): CodeIgniter\Boot::bootWeb(Object(Config\Paths))
CRITICAL - 2025-01-15 13:38:25 --> TypeError: App\Models\Jiachu\M_User::validateLogin(): Argument #1 ($account) must be of type string, null given, called in /var/www/app/Controllers/Jiachu/User.php on line 43
[Method: POST, Route: api/login]
in APPPATH/Models/Jiachu/M_User.php on line 31.
 1 APPPATH/Controllers/Jiachu/User.php(43): App\Models\Jiachu\M_User->validateLogin(null, null)
 2 SYSTEMPATH/CodeIgniter.php(933): App\Controllers\Jiachu\User->login()
 3 SYSTEMPATH/CodeIgniter.php(509): CodeIgniter\CodeIgniter->runController(Object(App\Controllers\Jiachu\User))
 4 SYSTEMPATH/CodeIgniter.php(355): CodeIgniter\CodeIgniter->handleRequest(null, Object(Config\Cache), false)
 5 SYSTEMPATH/Boot.php(334): CodeIgniter\CodeIgniter->run()
 6 SYSTEMPATH/Boot.php(67): CodeIgniter\Boot::runCodeIgniter(Object(CodeIgniter\CodeIgniter))
 7 FCPATH/index.php(56): CodeIgniter\Boot::bootWeb(Object(Config\Paths))
CRITICAL - 2025-01-15 13:39:36 --> TypeError: App\Models\Jiachu\M_User::validateLogin(): Argument #1 ($account) must be of type string, null given, called in /var/www/app/Controllers/Jiachu/User.php on line 46
[Method: POST, Route: api/login]
in APPPATH/Models/Jiachu/M_User.php on line 31.
 1 APPPATH/Controllers/Jiachu/User.php(46): App\Models\Jiachu\M_User->validateLogin(null, null)
 2 SYSTEMPATH/CodeIgniter.php(933): App\Controllers\Jiachu\User->login()
 3 SYSTEMPATH/CodeIgniter.php(509): CodeIgniter\CodeIgniter->runController(Object(App\Controllers\Jiachu\User))
 4 SYSTEMPATH/CodeIgniter.php(355): CodeIgniter\CodeIgniter->handleRequest(null, Object(Config\Cache), false)
 5 SYSTEMPATH/Boot.php(334): CodeIgniter\CodeIgniter->run()
 6 SYSTEMPATH/Boot.php(67): CodeIgniter\Boot::runCodeIgniter(Object(CodeIgniter\CodeIgniter))
 7 FCPATH/index.php(56): CodeIgniter\Boot::bootWeb(Object(Config\Paths))
ERROR - 2025-01-15 13:49:55 --> Login error: Failed to parse JSON string. Error: Syntax error
ERROR - 2025-01-15 13:52:59 --> Register error: Failed to parse JSON string. Error: Syntax error
ERROR - 2025-01-15 13:53:03 --> Register error: Failed to parse JSON string. Error: Syntax error
ERROR - 2025-01-15 13:53:05 --> Register error: Failed to parse JSON string. Error: Syntax error
ERROR - 2025-01-15 13:53:34 --> Register error: Failed to parse JSON string. Error: Syntax error
ERROR - 2025-01-15 13:55:09 --> Register error: Failed to parse JSON string. Error: Syntax error
CRITICAL - 2025-01-15 13:55:19 --> ParseError: syntax error, unexpected token ":"
[Method: POST, Route: api/register]
in APPPATH/Controllers/Jiachu/User.php on line 88.
 1 SYSTEMPATH/Autoloader/Autoloader.php(295): CodeIgniter\Autoloader\Autoloader->includeFile('/var/www/app/Controllers/Jiachu/User.php')
 2 SYSTEMPATH/Autoloader/Autoloader.php(271): CodeIgniter\Autoloader\Autoloader->loadInNamespace('App\\Controllers\\Jiachu\\User')
 3 [internal function]: CodeIgniter\Autoloader\Autoloader->loadClass('App\\Controllers\\Jiachu\\User')
 4 SYSTEMPATH/CodeIgniter.php(887): class_exists('\\App\\Controllers\\Jiachu\\User', true)
 5 SYSTEMPATH/CodeIgniter.php(496): CodeIgniter\CodeIgniter->startController()
 6 SYSTEMPATH/CodeIgniter.php(355): CodeIgniter\CodeIgniter->handleRequest(null, Object(Config\Cache), false)
 7 SYSTEMPATH/Boot.php(334): CodeIgniter\CodeIgniter->run()
 8 SYSTEMPATH/Boot.php(67): CodeIgniter\Boot::runCodeIgniter(Object(CodeIgniter\CodeIgniter))
 9 FCPATH/index.php(56): CodeIgniter\Boot::bootWeb(Object(Config\Paths))
ERROR - 2025-01-15 13:55:28 --> Register error: Failed to parse JSON string. Error: Syntax error
CRITICAL - 2025-01-15 13:59:48 --> Error: Call to undefined method CodeIgniter\Database\MySQLi\Connection::insert()
[Method: POST, Route: api/register]
in APPPATH/Models/Jiachu/M_User.php on line 86.
 1 APPPATH/Controllers/Jiachu/User.php(112): App\Models\Jiachu\M_User->createUser([...])
 2 SYSTEMPATH/CodeIgniter.php(933): App\Controllers\Jiachu\User->register()
 3 SYSTEMPATH/CodeIgniter.php(509): CodeIgniter\CodeIgniter->runController(Object(App\Controllers\Jiachu\User))
 4 SYSTEMPATH/CodeIgniter.php(355): CodeIgniter\CodeIgniter->handleRequest(null, Object(Config\Cache), false)
 5 SYSTEMPATH/Boot.php(334): CodeIgniter\CodeIgniter->run()
 6 SYSTEMPATH/Boot.php(67): CodeIgniter\Boot::runCodeIgniter(Object(CodeIgniter\CodeIgniter))
 7 FCPATH/index.php(56): CodeIgniter\Boot::bootWeb(Object(Config\Paths))
