ERROR - 2025-01-17 12:23:03 --> Validation errors: Array
(
    [username] => The username field is required.
    [password] => The password field is required.
)

CRITICAL - 2025-01-17 12:33:23 --> CodeIgniter\HTTP\Exceptions\HTTPException: 7 : Failed to connect to 127.0.0.1 port 9504 after 0 ms: Couldn't connect to server
[Method: GET, Route: api/category/test]
in SYSTEMPATH/HTTP/CURLRequest.php on line 694.
 1 SYSTEMPATH/HTTP/CURLRequest.php(694): CodeIgniter\HTTP\Exceptions\HTTPException::forCurlError('7', 'Failed to connect to 127.0.0.1 port 9504 after 0 ms: Couldn\'t connect to server')
 2 SYSTEMPATH/HTTP/CURLRequest.php(383): CodeIgniter\HTTP\CURLRequest->sendRequest([...])
 3 SYSTEMPATH/HTTP/CURLRequest.php(152): CodeIgniter\HTTP\CURLRequest->send('POST', 'http://127.0.0.1:9504/translate')
 4 APPPATH/Models/Jiachu/M_Category.php(124): CodeIgniter\HTTP\CURLRequest->request('POST', 'http://127.0.0.1:9504/translate', [...])
 5 APPPATH/Controllers/Jiachu/Category.php(74): App\Models\Jiachu\M_Category->translate('蘋果')
 6 SYSTEMPATH/CodeIgniter.php(933): App\Controllers\Jiachu\Category->test()
 7 SYSTEMPATH/CodeIgniter.php(509): CodeIgniter\CodeIgniter->runController(Object(App\Controllers\Jiachu\Category))
 8 SYSTEMPATH/CodeIgniter.php(355): CodeIgniter\CodeIgniter->handleRequest(null, Object(Config\Cache), false)
 9 SYSTEMPATH/Boot.php(334): CodeIgniter\CodeIgniter->run()
10 SYSTEMPATH/Boot.php(67): CodeIgniter\Boot::runCodeIgniter(Object(CodeIgniter\CodeIgniter))
11 FCPATH/index.php(56): CodeIgniter\Boot::bootWeb(Object(Config\Paths))
CRITICAL - 2025-01-17 12:33:27 --> CodeIgniter\HTTP\Exceptions\HTTPException: 7 : Failed to connect to 127.0.0.1 port 9504 after 0 ms: Couldn't connect to server
[Method: GET, Route: api/category/test]
in SYSTEMPATH/HTTP/CURLRequest.php on line 694.
 1 SYSTEMPATH/HTTP/CURLRequest.php(694): CodeIgniter\HTTP\Exceptions\HTTPException::forCurlError('7', 'Failed to connect to 127.0.0.1 port 9504 after 0 ms: Couldn\'t connect to server')
 2 SYSTEMPATH/HTTP/CURLRequest.php(383): CodeIgniter\HTTP\CURLRequest->sendRequest([...])
 3 SYSTEMPATH/HTTP/CURLRequest.php(152): CodeIgniter\HTTP\CURLRequest->send('POST', 'http://127.0.0.1:9504/translate')
 4 APPPATH/Models/Jiachu/M_Category.php(124): CodeIgniter\HTTP\CURLRequest->request('POST', 'http://127.0.0.1:9504/translate', [...])
 5 APPPATH/Controllers/Jiachu/Category.php(74): App\Models\Jiachu\M_Category->translate('蘋果')
 6 SYSTEMPATH/CodeIgniter.php(933): App\Controllers\Jiachu\Category->test()
 7 SYSTEMPATH/CodeIgniter.php(509): CodeIgniter\CodeIgniter->runController(Object(App\Controllers\Jiachu\Category))
 8 SYSTEMPATH/CodeIgniter.php(355): CodeIgniter\CodeIgniter->handleRequest(null, Object(Config\Cache), false)
 9 SYSTEMPATH/Boot.php(334): CodeIgniter\CodeIgniter->run()
10 SYSTEMPATH/Boot.php(67): CodeIgniter\Boot::runCodeIgniter(Object(CodeIgniter\CodeIgniter))
11 FCPATH/index.php(56): CodeIgniter\Boot::bootWeb(Object(Config\Paths))
CRITICAL - 2025-01-17 12:33:29 --> CodeIgniter\HTTP\Exceptions\HTTPException: 7 : Failed to connect to 127.0.0.1 port 9504 after 0 ms: Couldn't connect to server
[Method: GET, Route: api/category/test]
in SYSTEMPATH/HTTP/CURLRequest.php on line 694.
 1 SYSTEMPATH/HTTP/CURLRequest.php(694): CodeIgniter\HTTP\Exceptions\HTTPException::forCurlError('7', 'Failed to connect to 127.0.0.1 port 9504 after 0 ms: Couldn\'t connect to server')
 2 SYSTEMPATH/HTTP/CURLRequest.php(383): CodeIgniter\HTTP\CURLRequest->sendRequest([...])
 3 SYSTEMPATH/HTTP/CURLRequest.php(152): CodeIgniter\HTTP\CURLRequest->send('POST', 'http://127.0.0.1:9504/translate')
 4 APPPATH/Models/Jiachu/M_Category.php(124): CodeIgniter\HTTP\CURLRequest->request('POST', 'http://127.0.0.1:9504/translate', [...])
 5 APPPATH/Controllers/Jiachu/Category.php(74): App\Models\Jiachu\M_Category->translate('蘋果')
 6 SYSTEMPATH/CodeIgniter.php(933): App\Controllers\Jiachu\Category->test()
 7 SYSTEMPATH/CodeIgniter.php(509): CodeIgniter\CodeIgniter->runController(Object(App\Controllers\Jiachu\Category))
 8 SYSTEMPATH/CodeIgniter.php(355): CodeIgniter\CodeIgniter->handleRequest(null, Object(Config\Cache), false)
 9 SYSTEMPATH/Boot.php(334): CodeIgniter\CodeIgniter->run()
10 SYSTEMPATH/Boot.php(67): CodeIgniter\Boot::runCodeIgniter(Object(CodeIgniter\CodeIgniter))
11 FCPATH/index.php(56): CodeIgniter\Boot::bootWeb(Object(Config\Paths))
CRITICAL - 2025-01-17 12:33:42 --> CodeIgniter\HTTP\Exceptions\HTTPException: 7 : Failed to connect to 127.0.0.1 port 9504 after 0 ms: Couldn't connect to server
[Method: GET, Route: api/category/test]
in SYSTEMPATH/HTTP/CURLRequest.php on line 694.
 1 SYSTEMPATH/HTTP/CURLRequest.php(694): CodeIgniter\HTTP\Exceptions\HTTPException::forCurlError('7', 'Failed to connect to 127.0.0.1 port 9504 after 0 ms: Couldn\'t connect to server')
 2 SYSTEMPATH/HTTP/CURLRequest.php(383): CodeIgniter\HTTP\CURLRequest->sendRequest([...])
 3 SYSTEMPATH/HTTP/CURLRequest.php(152): CodeIgniter\HTTP\CURLRequest->send('POST', 'http://127.0.0.1:9504/translate')
 4 APPPATH/Models/Jiachu/M_Category.php(124): CodeIgniter\HTTP\CURLRequest->request('POST', 'http://127.0.0.1:9504/translate', [...])
 5 APPPATH/Controllers/Jiachu/Category.php(74): App\Models\Jiachu\M_Category->translate('蘋果')
 6 SYSTEMPATH/CodeIgniter.php(933): App\Controllers\Jiachu\Category->test()
 7 SYSTEMPATH/CodeIgniter.php(509): CodeIgniter\CodeIgniter->runController(Object(App\Controllers\Jiachu\Category))
 8 SYSTEMPATH/CodeIgniter.php(355): CodeIgniter\CodeIgniter->handleRequest(null, Object(Config\Cache), false)
 9 SYSTEMPATH/Boot.php(334): CodeIgniter\CodeIgniter->run()
10 SYSTEMPATH/Boot.php(67): CodeIgniter\Boot::runCodeIgniter(Object(CodeIgniter\CodeIgniter))
11 FCPATH/index.php(56): CodeIgniter\Boot::bootWeb(Object(Config\Paths))
CRITICAL - 2025-01-17 12:33:46 --> CodeIgniter\HTTP\Exceptions\HTTPException: 7 : Failed to connect to 127.0.0.1 port 9504 after 0 ms: Couldn't connect to server
[Method: GET, Route: api/category/test]
in SYSTEMPATH/HTTP/CURLRequest.php on line 694.
 1 SYSTEMPATH/HTTP/CURLRequest.php(694): CodeIgniter\HTTP\Exceptions\HTTPException::forCurlError('7', 'Failed to connect to 127.0.0.1 port 9504 after 0 ms: Couldn\'t connect to server')
 2 SYSTEMPATH/HTTP/CURLRequest.php(383): CodeIgniter\HTTP\CURLRequest->sendRequest([...])
 3 SYSTEMPATH/HTTP/CURLRequest.php(152): CodeIgniter\HTTP\CURLRequest->send('POST', 'http://127.0.0.1:9504/translate')
 4 APPPATH/Models/Jiachu/M_Category.php(124): CodeIgniter\HTTP\CURLRequest->request('POST', 'http://127.0.0.1:9504/translate', [...])
 5 APPPATH/Controllers/Jiachu/Category.php(74): App\Models\Jiachu\M_Category->translate('蘋果')
 6 SYSTEMPATH/CodeIgniter.php(933): App\Controllers\Jiachu\Category->test()
 7 SYSTEMPATH/CodeIgniter.php(509): CodeIgniter\CodeIgniter->runController(Object(App\Controllers\Jiachu\Category))
 8 SYSTEMPATH/CodeIgniter.php(355): CodeIgniter\CodeIgniter->handleRequest(null, Object(Config\Cache), false)
 9 SYSTEMPATH/Boot.php(334): CodeIgniter\CodeIgniter->run()
10 SYSTEMPATH/Boot.php(67): CodeIgniter\Boot::runCodeIgniter(Object(CodeIgniter\CodeIgniter))
11 FCPATH/index.php(56): CodeIgniter\Boot::bootWeb(Object(Config\Paths))
CRITICAL - 2025-01-17 12:35:05 --> CodeIgniter\HTTP\Exceptions\HTTPException: 7 : Failed to connect to 127.0.0.1 port 9504 after 0 ms: Couldn't connect to server
[Method: GET, Route: api/category/test]
in SYSTEMPATH/HTTP/CURLRequest.php on line 694.
 1 SYSTEMPATH/HTTP/CURLRequest.php(694): CodeIgniter\HTTP\Exceptions\HTTPException::forCurlError('7', 'Failed to connect to 127.0.0.1 port 9504 after 0 ms: Couldn\'t connect to server')
 2 SYSTEMPATH/HTTP/CURLRequest.php(383): CodeIgniter\HTTP\CURLRequest->sendRequest([...])
 3 SYSTEMPATH/HTTP/CURLRequest.php(152): CodeIgniter\HTTP\CURLRequest->send('POST', 'http://127.0.0.1:9504/translate')
 4 APPPATH/Models/Jiachu/M_Category.php(120): CodeIgniter\HTTP\CURLRequest->request('POST', 'http://127.0.0.1:9504/translate', [...])
 5 APPPATH/Controllers/Jiachu/Category.php(74): App\Models\Jiachu\M_Category->translate('蘋果')
 6 SYSTEMPATH/CodeIgniter.php(933): App\Controllers\Jiachu\Category->test()
 7 SYSTEMPATH/CodeIgniter.php(509): CodeIgniter\CodeIgniter->runController(Object(App\Controllers\Jiachu\Category))
 8 SYSTEMPATH/CodeIgniter.php(355): CodeIgniter\CodeIgniter->handleRequest(null, Object(Config\Cache), false)
 9 SYSTEMPATH/Boot.php(334): CodeIgniter\CodeIgniter->run()
10 SYSTEMPATH/Boot.php(67): CodeIgniter\Boot::runCodeIgniter(Object(CodeIgniter\CodeIgniter))
11 FCPATH/index.php(56): CodeIgniter\Boot::bootWeb(Object(Config\Paths))
CRITICAL - 2025-01-17 12:37:37 --> CodeIgniter\HTTP\Exceptions\HTTPException: 7 : Failed to connect to 127.0.0.1 port 9504 after 0 ms: Couldn't connect to server
[Method: GET, Route: api/category/test]
in SYSTEMPATH/HTTP/CURLRequest.php on line 694.
 1 SYSTEMPATH/HTTP/CURLRequest.php(694): CodeIgniter\HTTP\Exceptions\HTTPException::forCurlError('7', 'Failed to connect to 127.0.0.1 port 9504 after 0 ms: Couldn\'t connect to server')
 2 SYSTEMPATH/HTTP/CURLRequest.php(383): CodeIgniter\HTTP\CURLRequest->sendRequest([...])
 3 SYSTEMPATH/HTTP/CURLRequest.php(152): CodeIgniter\HTTP\CURLRequest->send('POST', 'http://127.0.0.1:9504/translate')
 4 SYSTEMPATH/HTTP/CURLRequest.php(227): CodeIgniter\HTTP\CURLRequest->request('POST', 'http://127.0.0.1:9504/translate', [...])
 5 APPPATH/Models/Jiachu/M_Category.php(120): CodeIgniter\HTTP\CURLRequest->post('http://127.0.0.1:9504/translate', [...])
 6 APPPATH/Controllers/Jiachu/Category.php(74): App\Models\Jiachu\M_Category->translate('蘋果')
 7 SYSTEMPATH/CodeIgniter.php(933): App\Controllers\Jiachu\Category->test()
 8 SYSTEMPATH/CodeIgniter.php(509): CodeIgniter\CodeIgniter->runController(Object(App\Controllers\Jiachu\Category))
 9 SYSTEMPATH/CodeIgniter.php(355): CodeIgniter\CodeIgniter->handleRequest(null, Object(Config\Cache), false)
10 SYSTEMPATH/Boot.php(334): CodeIgniter\CodeIgniter->run()
11 SYSTEMPATH/Boot.php(67): CodeIgniter\Boot::runCodeIgniter(Object(CodeIgniter\CodeIgniter))
12 FCPATH/index.php(56): CodeIgniter\Boot::bootWeb(Object(Config\Paths))
CRITICAL - 2025-01-17 12:37:40 --> CodeIgniter\HTTP\Exceptions\HTTPException: 7 : Failed to connect to 127.0.0.1 port 9504 after 0 ms: Couldn't connect to server
[Method: GET, Route: api/category/test]
in SYSTEMPATH/HTTP/CURLRequest.php on line 694.
 1 SYSTEMPATH/HTTP/CURLRequest.php(694): CodeIgniter\HTTP\Exceptions\HTTPException::forCurlError('7', 'Failed to connect to 127.0.0.1 port 9504 after 0 ms: Couldn\'t connect to server')
 2 SYSTEMPATH/HTTP/CURLRequest.php(383): CodeIgniter\HTTP\CURLRequest->sendRequest([...])
 3 SYSTEMPATH/HTTP/CURLRequest.php(152): CodeIgniter\HTTP\CURLRequest->send('POST', 'http://127.0.0.1:9504/translate')
 4 SYSTEMPATH/HTTP/CURLRequest.php(227): CodeIgniter\HTTP\CURLRequest->request('POST', 'http://127.0.0.1:9504/translate', [...])
 5 APPPATH/Models/Jiachu/M_Category.php(120): CodeIgniter\HTTP\CURLRequest->post('http://127.0.0.1:9504/translate', [...])
 6 APPPATH/Controllers/Jiachu/Category.php(74): App\Models\Jiachu\M_Category->translate('蘋果')
 7 SYSTEMPATH/CodeIgniter.php(933): App\Controllers\Jiachu\Category->test()
 8 SYSTEMPATH/CodeIgniter.php(509): CodeIgniter\CodeIgniter->runController(Object(App\Controllers\Jiachu\Category))
 9 SYSTEMPATH/CodeIgniter.php(355): CodeIgniter\CodeIgniter->handleRequest(null, Object(Config\Cache), false)
10 SYSTEMPATH/Boot.php(334): CodeIgniter\CodeIgniter->run()
11 SYSTEMPATH/Boot.php(67): CodeIgniter\Boot::runCodeIgniter(Object(CodeIgniter\CodeIgniter))
12 FCPATH/index.php(56): CodeIgniter\Boot::bootWeb(Object(Config\Paths))
CRITICAL - 2025-01-17 12:52:13 --> CodeIgniter\HTTP\Exceptions\HTTPException: 22 : The requested URL returned error: 500
[Method: GET, Route: api/category/test]
in SYSTEMPATH/HTTP/CURLRequest.php on line 694.
 1 SYSTEMPATH/HTTP/CURLRequest.php(694): CodeIgniter\HTTP\Exceptions\HTTPException::forCurlError('22', 'The requested URL returned error: 500')
 2 SYSTEMPATH/HTTP/CURLRequest.php(383): CodeIgniter\HTTP\CURLRequest->sendRequest([...])
 3 SYSTEMPATH/HTTP/CURLRequest.php(152): CodeIgniter\HTTP\CURLRequest->send('POST', 'http://170.187.229.132:9501/translate')
 4 SYSTEMPATH/HTTP/CURLRequest.php(227): CodeIgniter\HTTP\CURLRequest->request('POST', 'http://170.187.229.132:9501/translate', [...])
 5 APPPATH/Models/Jiachu/M_Category.php(119): CodeIgniter\HTTP\CURLRequest->post('http:/170.187.229.132:9501/translate', [...])
 6 APPPATH/Controllers/Jiachu/Category.php(74): App\Models\Jiachu\M_Category->translate('蘋果')
 7 SYSTEMPATH/CodeIgniter.php(933): App\Controllers\Jiachu\Category->test()
 8 SYSTEMPATH/CodeIgniter.php(509): CodeIgniter\CodeIgniter->runController(Object(App\Controllers\Jiachu\Category))
 9 SYSTEMPATH/CodeIgniter.php(355): CodeIgniter\CodeIgniter->handleRequest(null, Object(Config\Cache), false)
10 SYSTEMPATH/Boot.php(334): CodeIgniter\CodeIgniter->run()
11 SYSTEMPATH/Boot.php(67): CodeIgniter\Boot::runCodeIgniter(Object(CodeIgniter\CodeIgniter))
12 FCPATH/index.php(56): CodeIgniter\Boot::bootWeb(Object(Config\Paths))
CRITICAL - 2025-01-17 12:52:33 --> CodeIgniter\HTTP\Exceptions\HTTPException: 22 : The requested URL returned error: 500
[Method: GET, Route: api/category/test]
in SYSTEMPATH/HTTP/CURLRequest.php on line 694.
 1 SYSTEMPATH/HTTP/CURLRequest.php(694): CodeIgniter\HTTP\Exceptions\HTTPException::forCurlError('22', 'The requested URL returned error: 500')
 2 SYSTEMPATH/HTTP/CURLRequest.php(383): CodeIgniter\HTTP\CURLRequest->sendRequest([...])
 3 SYSTEMPATH/HTTP/CURLRequest.php(152): CodeIgniter\HTTP\CURLRequest->send('POST', 'http://170.187.229.132:9501/translate')
 4 SYSTEMPATH/HTTP/CURLRequest.php(227): CodeIgniter\HTTP\CURLRequest->request('POST', 'http://170.187.229.132:9501/translate', [...])
 5 APPPATH/Models/Jiachu/M_Category.php(119): CodeIgniter\HTTP\CURLRequest->post('http:/170.187.229.132:9501/translate', [...])
 6 APPPATH/Controllers/Jiachu/Category.php(74): App\Models\Jiachu\M_Category->translate('蘋果')
 7 SYSTEMPATH/CodeIgniter.php(933): App\Controllers\Jiachu\Category->test()
 8 SYSTEMPATH/CodeIgniter.php(509): CodeIgniter\CodeIgniter->runController(Object(App\Controllers\Jiachu\Category))
 9 SYSTEMPATH/CodeIgniter.php(355): CodeIgniter\CodeIgniter->handleRequest(null, Object(Config\Cache), false)
10 SYSTEMPATH/Boot.php(334): CodeIgniter\CodeIgniter->run()
11 SYSTEMPATH/Boot.php(67): CodeIgniter\Boot::runCodeIgniter(Object(CodeIgniter\CodeIgniter))
12 FCPATH/index.php(56): CodeIgniter\Boot::bootWeb(Object(Config\Paths))
CRITICAL - 2025-01-17 12:53:20 --> CodeIgniter\HTTP\Exceptions\HTTPException: 7 : Failed to connect to 127.0.0.1 port 9504 after 0 ms: Couldn't connect to server
[Method: GET, Route: api/category/test]
in SYSTEMPATH/HTTP/CURLRequest.php on line 694.
 1 SYSTEMPATH/HTTP/CURLRequest.php(694): CodeIgniter\HTTP\Exceptions\HTTPException::forCurlError('7', 'Failed to connect to 127.0.0.1 port 9504 after 0 ms: Couldn\'t connect to server')
 2 SYSTEMPATH/HTTP/CURLRequest.php(383): CodeIgniter\HTTP\CURLRequest->sendRequest([...])
 3 SYSTEMPATH/HTTP/CURLRequest.php(152): CodeIgniter\HTTP\CURLRequest->send('POST', 'http://127.0.0.1:9504/translate')
 4 SYSTEMPATH/HTTP/CURLRequest.php(227): CodeIgniter\HTTP\CURLRequest->request('POST', 'http://127.0.0.1:9504/translate', [...])
 5 APPPATH/Models/Jiachu/M_Category.php(120): CodeIgniter\HTTP\CURLRequest->post('http:/127.0.0.1:9504/translate', [...])
 6 APPPATH/Controllers/Jiachu/Category.php(74): App\Models\Jiachu\M_Category->translate('蘋果')
 7 SYSTEMPATH/CodeIgniter.php(933): App\Controllers\Jiachu\Category->test()
 8 SYSTEMPATH/CodeIgniter.php(509): CodeIgniter\CodeIgniter->runController(Object(App\Controllers\Jiachu\Category))
 9 SYSTEMPATH/CodeIgniter.php(355): CodeIgniter\CodeIgniter->handleRequest(null, Object(Config\Cache), false)
10 SYSTEMPATH/Boot.php(334): CodeIgniter\CodeIgniter->run()
11 SYSTEMPATH/Boot.php(67): CodeIgniter\Boot::runCodeIgniter(Object(CodeIgniter\CodeIgniter))
12 FCPATH/index.php(56): CodeIgniter\Boot::bootWeb(Object(Config\Paths))
ERROR - 2025-01-17 13:01:14 --> Create category error: Undefined array key "code"
ERROR - 2025-01-17 13:02:40 --> mysqli_sql_exception: Table 'jiachu.categories' doesn't exist in /var/www/system/Database/MySQLi/Connection.php:312
Stack trace:
#0 /var/www/system/Database/MySQLi/Connection.php(312): mysqli->query('SELECT 1\nFROM `...', 0)
#1 /var/www/system/Database/BaseConnection.php(734): CodeIgniter\Database\MySQLi\Connection->execute('SELECT 1\nFROM `...')
#2 /var/www/system/Database/BaseConnection.php(648): CodeIgniter\Database\BaseConnection->simpleQuery('SELECT 1\nFROM `...')
#3 /var/www/system/Database/BaseBuilder.php(1644): CodeIgniter\Database\BaseConnection->query('SELECT 1\nFROM `...', Array, false)
#4 /var/www/system/Validation/StrictRules/Rules.php(232): CodeIgniter\Database\BaseBuilder->get()
#5 /var/www/system/Validation/Validation.php(338): CodeIgniter\Validation\StrictRules\Rules->is_unique('bread', 'code', Array, NULL, 'code')
#6 /var/www/system/Validation/Validation.php(203): CodeIgniter\Validation\Validation->processRules('code', 'code', 'bread', Array, Array, 'code')
#7 /var/www/system/BaseModel.php(1576): CodeIgniter\Validation\Validation->run(Array, NULL, NULL)
#8 /var/www/system/BaseModel.php(808): CodeIgniter\BaseModel->validate(Array)
#9 /var/www/system/Model.php(800): CodeIgniter\BaseModel->insert(Array, true)
#10 /var/www/app/Models/Jiachu/M_Category.php(50): CodeIgniter\Model->insert(Array)
#11 /var/www/app/Controllers/Jiachu/Category.php(57): App\Models\Jiachu\M_Category->create(Array, Array)
#12 /var/www/system/CodeIgniter.php(933): App\Controllers\Jiachu\Category->create()
#13 /var/www/system/CodeIgniter.php(509): CodeIgniter\CodeIgniter->runController(Object(App\Controllers\Jiachu\Category))
#14 /var/www/system/CodeIgniter.php(355): CodeIgniter\CodeIgniter->handleRequest(NULL, Object(Config\Cache), false)
#15 /var/www/system/Boot.php(334): CodeIgniter\CodeIgniter->run()
#16 /var/www/system/Boot.php(67): CodeIgniter\Boot::runCodeIgniter(Object(CodeIgniter\CodeIgniter))
#17 /var/www/public/index.php(56): CodeIgniter\Boot::bootWeb(Object(Config\Paths))
#18 {main}
CRITICAL - 2025-01-17 13:02:40 --> Error: Call to a member function getRow() on bool
[Method: POST, Route: api/category]
in SYSTEMPATH/Validation/StrictRules/Rules.php on line 232.
 1 SYSTEMPATH/Validation/Validation.php(338): CodeIgniter\Validation\StrictRules\Rules->is_unique('bread', 'code', [...], null, 'code')
 2 SYSTEMPATH/Validation/Validation.php(203): CodeIgniter\Validation\Validation->processRules('code', 'code', 'bread', [...], [...], 'code')
 3 SYSTEMPATH/BaseModel.php(1576): CodeIgniter\Validation\Validation->run([...], null, null)
 4 SYSTEMPATH/BaseModel.php(808): CodeIgniter\BaseModel->validate([...])
 5 SYSTEMPATH/Model.php(800): CodeIgniter\BaseModel->insert([...], true)
 6 APPPATH/Models/Jiachu/M_Category.php(50): CodeIgniter\Model->insert([...])
 7 APPPATH/Controllers/Jiachu/Category.php(57): App\Models\Jiachu\M_Category->create([...], [])
 8 SYSTEMPATH/CodeIgniter.php(933): App\Controllers\Jiachu\Category->create()
 9 SYSTEMPATH/CodeIgniter.php(509): CodeIgniter\CodeIgniter->runController(Object(App\Controllers\Jiachu\Category))
10 SYSTEMPATH/CodeIgniter.php(355): CodeIgniter\CodeIgniter->handleRequest(null, Object(Config\Cache), false)
11 SYSTEMPATH/Boot.php(334): CodeIgniter\CodeIgniter->run()
12 SYSTEMPATH/Boot.php(67): CodeIgniter\Boot::runCodeIgniter(Object(CodeIgniter\CodeIgniter))
13 FCPATH/index.php(56): CodeIgniter\Boot::bootWeb(Object(Config\Paths))
ERROR - 2025-01-17 13:14:19 --> mysqli_sql_exception: Table 'jiachu.categories' doesn't exist in /var/www/system/Database/MySQLi/Connection.php:312
Stack trace:
#0 /var/www/system/Database/MySQLi/Connection.php(312): mysqli->query('SELECT 1\nFROM `...', 0)
#1 /var/www/system/Database/BaseConnection.php(734): CodeIgniter\Database\MySQLi\Connection->execute('SELECT 1\nFROM `...')
#2 /var/www/system/Database/BaseConnection.php(648): CodeIgniter\Database\BaseConnection->simpleQuery('SELECT 1\nFROM `...')
#3 /var/www/system/Database/BaseBuilder.php(1644): CodeIgniter\Database\BaseConnection->query('SELECT 1\nFROM `...', Array, false)
#4 /var/www/system/Validation/StrictRules/Rules.php(232): CodeIgniter\Database\BaseBuilder->get()
#5 /var/www/system/Validation/Validation.php(338): CodeIgniter\Validation\StrictRules\Rules->is_unique('test', 'code', Array, NULL, 'code')
#6 /var/www/system/Validation/Validation.php(203): CodeIgniter\Validation\Validation->processRules('code', 'code', 'test', Array, Array, 'code')
#7 /var/www/system/BaseModel.php(1576): CodeIgniter\Validation\Validation->run(Array, NULL, NULL)
#8 /var/www/system/BaseModel.php(808): CodeIgniter\BaseModel->validate(Array)
#9 /var/www/system/Model.php(800): CodeIgniter\BaseModel->insert(Array, true)
#10 /var/www/app/Models/Jiachu/M_Category.php(50): CodeIgniter\Model->insert(Array)
#11 /var/www/app/Controllers/Jiachu/Category.php(58): App\Models\Jiachu\M_Category->create(Array)
#12 /var/www/system/CodeIgniter.php(933): App\Controllers\Jiachu\Category->create()
#13 /var/www/system/CodeIgniter.php(509): CodeIgniter\CodeIgniter->runController(Object(App\Controllers\Jiachu\Category))
#14 /var/www/system/CodeIgniter.php(355): CodeIgniter\CodeIgniter->handleRequest(NULL, Object(Config\Cache), false)
#15 /var/www/system/Boot.php(334): CodeIgniter\CodeIgniter->run()
#16 /var/www/system/Boot.php(67): CodeIgniter\Boot::runCodeIgniter(Object(CodeIgniter\CodeIgniter))
#17 /var/www/public/index.php(56): CodeIgniter\Boot::bootWeb(Object(Config\Paths))
#18 {main}
CRITICAL - 2025-01-17 13:14:19 --> Error: Call to a member function getRow() on bool
[Method: POST, Route: api/category]
in SYSTEMPATH/Validation/StrictRules/Rules.php on line 232.
 1 SYSTEMPATH/Validation/Validation.php(338): CodeIgniter\Validation\StrictRules\Rules->is_unique('test', 'code', [...], null, 'code')
 2 SYSTEMPATH/Validation/Validation.php(203): CodeIgniter\Validation\Validation->processRules('code', 'code', 'test', [...], [...], 'code')
 3 SYSTEMPATH/BaseModel.php(1576): CodeIgniter\Validation\Validation->run([...], null, null)
 4 SYSTEMPATH/BaseModel.php(808): CodeIgniter\BaseModel->validate([...])
 5 SYSTEMPATH/Model.php(800): CodeIgniter\BaseModel->insert([...], true)
 6 APPPATH/Models/Jiachu/M_Category.php(50): CodeIgniter\Model->insert([...])
 7 APPPATH/Controllers/Jiachu/Category.php(58): App\Models\Jiachu\M_Category->create([...])
 8 SYSTEMPATH/CodeIgniter.php(933): App\Controllers\Jiachu\Category->create()
 9 SYSTEMPATH/CodeIgniter.php(509): CodeIgniter\CodeIgniter->runController(Object(App\Controllers\Jiachu\Category))
10 SYSTEMPATH/CodeIgniter.php(355): CodeIgniter\CodeIgniter->handleRequest(null, Object(Config\Cache), false)
11 SYSTEMPATH/Boot.php(334): CodeIgniter\CodeIgniter->run()
12 SYSTEMPATH/Boot.php(67): CodeIgniter\Boot::runCodeIgniter(Object(CodeIgniter\CodeIgniter))
13 FCPATH/index.php(56): CodeIgniter\Boot::bootWeb(Object(Config\Paths))
ERROR - 2025-01-17 13:16:39 --> mysqli_sql_exception: Unknown column 'updated_at' in 'field list' in /var/www/system/Database/MySQLi/Connection.php:312
Stack trace:
#0 /var/www/system/Database/MySQLi/Connection.php(312): mysqli->query('INSERT INTO `ca...', 0)
#1 /var/www/system/Database/BaseConnection.php(734): CodeIgniter\Database\MySQLi\Connection->execute('INSERT INTO `ca...')
#2 /var/www/system/Database/BaseConnection.php(648): CodeIgniter\Database\BaseConnection->simpleQuery('INSERT INTO `ca...')
#3 /var/www/system/Database/BaseBuilder.php(2340): CodeIgniter\Database\BaseConnection->query('INSERT INTO `ca...', Array, false)
#4 /var/www/system/Model.php(394): CodeIgniter\Database\BaseBuilder->insert()
#5 /var/www/system/BaseModel.php(839): CodeIgniter\Model->doInsert(Array)
#6 /var/www/system/Model.php(800): CodeIgniter\BaseModel->insert(Array, true)
#7 /var/www/app/Models/Jiachu/M_Category.php(50): CodeIgniter\Model->insert(Array)
#8 /var/www/app/Controllers/Jiachu/Category.php(58): App\Models\Jiachu\M_Category->create(Array)
#9 /var/www/system/CodeIgniter.php(933): App\Controllers\Jiachu\Category->create()
#10 /var/www/system/CodeIgniter.php(509): CodeIgniter\CodeIgniter->runController(Object(App\Controllers\Jiachu\Category))
#11 /var/www/system/CodeIgniter.php(355): CodeIgniter\CodeIgniter->handleRequest(NULL, Object(Config\Cache), false)
#12 /var/www/system/Boot.php(334): CodeIgniter\CodeIgniter->run()
#13 /var/www/system/Boot.php(67): CodeIgniter\Boot::runCodeIgniter(Object(CodeIgniter\CodeIgniter))
#14 /var/www/public/index.php(56): CodeIgniter\Boot::bootWeb(Object(Config\Paths))
#15 {main}
ERROR - 2025-01-17 13:16:39 --> Validation errors: Array
(
    [CodeIgniter\Database\MySQLi\Connection] => Unknown column 'updated_at' in 'field list'
)

ERROR - 2025-01-17 13:19:18 --> Create category error: Trying to access array offset on value of type bool
ERROR - 2025-01-17 13:22:49 --> Validation errors: Array
(
    [code] => 此代碼已被使用
    [name] => The name field must contain a unique value.
)

ERROR - 2025-01-17 13:24:02 --> Create category error: Undefined variable $result
ERROR - 2025-01-17 13:24:54 --> Validation errors: Array
(
    [code] => 此代碼已被使用
    [name] => The name field must contain a unique value.
)

CRITICAL - 2025-01-17 14:13:41 --> ArgumentCountError: Too few arguments to function App\Controllers\Jiachu\Category::show(), 0 passed in /var/www/system/CodeIgniter.php on line 933 and exactly 1 expected
[Method: GET, Route: api/image]
in APPPATH/Controllers/Jiachu/Category.php on line 110.
 1 SYSTEMPATH/CodeIgniter.php(933): App\Controllers\Jiachu\Category->show()
 2 SYSTEMPATH/CodeIgniter.php(509): CodeIgniter\CodeIgniter->runController(Object(App\Controllers\Jiachu\Category))
 3 SYSTEMPATH/CodeIgniter.php(355): CodeIgniter\CodeIgniter->handleRequest(null, Object(Config\Cache), false)
 4 SYSTEMPATH/Boot.php(334): CodeIgniter\CodeIgniter->run()
 5 SYSTEMPATH/Boot.php(67): CodeIgniter\Boot::runCodeIgniter(Object(CodeIgniter\CodeIgniter))
 6 FCPATH/index.php(56): CodeIgniter\Boot::bootWeb(Object(Config\Paths))
ERROR - 2025-01-17 15:20:40 --> Validation errors: Array
(
    [code] => 此代碼已被使用
    [name] => The name field must contain a unique value.
)

ERROR - 2025-01-17 16:52:27 --> mysqli_sql_exception: Table 'jiachu.products' doesn't exist in /var/www/system/Database/MySQLi/Connection.php:312
Stack trace:
#0 /var/www/system/Database/MySQLi/Connection.php(312): mysqli->query('ALTER TABLE `pr...', 0)
#1 /var/www/system/Database/BaseConnection.php(734): CodeIgniter\Database\MySQLi\Connection->execute('ALTER TABLE `pr...')
#2 /var/www/system/Database/BaseConnection.php(648): CodeIgniter\Database\BaseConnection->simpleQuery('ALTER TABLE `pr...')
#3 /var/www/app/Database/Migrations/2025-01-17-165112_AddCategoryIdToProduct.php(22): CodeIgniter\Database\BaseConnection->query('ALTER TABLE `pr...')
#4 /var/www/system/Database/MigrationRunner.php(866): App\Database\Migrations\AddCategoryIdToProduct->up()
#5 /var/www/system/Database/MigrationRunner.php(182): CodeIgniter\Database\MigrationRunner->migrate('up', Object(stdClass))
#6 /var/www/system/Commands/Database/Migrate.php(85): CodeIgniter\Database\MigrationRunner->latest(NULL)
#7 /var/www/system/CLI/Commands.php(70): CodeIgniter\Commands\Database\Migrate->run(Array)
#8 /var/www/system/CLI/Console.php(48): CodeIgniter\CLI\Commands->run('migrate', Array)
#9 /var/www/system/Boot.php(360): CodeIgniter\CLI\Console->run()
#10 /var/www/system/Boot.php(104): CodeIgniter\Boot::runCommand(Object(CodeIgniter\CLI\Console))
#11 /var/www/spark(84): CodeIgniter\Boot::bootSpark(Object(Config\Paths))
#12 {main}
ERROR - 2025-01-17 16:52:43 --> mysqli_sql_exception: Duplicate column name 'category_id' in /var/www/system/Database/MySQLi/Connection.php:312
Stack trace:
#0 /var/www/system/Database/MySQLi/Connection.php(312): mysqli->query('ALTER TABLE `pr...', 0)
#1 /var/www/system/Database/BaseConnection.php(734): CodeIgniter\Database\MySQLi\Connection->execute('ALTER TABLE `pr...')
#2 /var/www/system/Database/BaseConnection.php(648): CodeIgniter\Database\BaseConnection->simpleQuery('ALTER TABLE `pr...')
#3 /var/www/system/Database/Forge.php(772): CodeIgniter\Database\BaseConnection->query('ALTER TABLE `pr...')
#4 /var/www/app/Database/Migrations/2025-01-17-165112_AddCategoryIdToProduct.php(13): CodeIgniter\Database\Forge->addColumn('product', Array)
#5 /var/www/system/Database/MigrationRunner.php(866): App\Database\Migrations\AddCategoryIdToProduct->up()
#6 /var/www/system/Database/MigrationRunner.php(182): CodeIgniter\Database\MigrationRunner->migrate('up', Object(stdClass))
#7 /var/www/system/Commands/Database/Migrate.php(85): CodeIgniter\Database\MigrationRunner->latest(NULL)
#8 /var/www/system/CLI/Commands.php(70): CodeIgniter\Commands\Database\Migrate->run(Array)
#9 /var/www/system/CLI/Console.php(48): CodeIgniter\CLI\Commands->run('migrate', Array)
#10 /var/www/system/Boot.php(360): CodeIgniter\CLI\Console->run()
#11 /var/www/system/Boot.php(104): CodeIgniter\Boot::runCommand(Object(CodeIgniter\CLI\Console))
#12 /var/www/spark(84): CodeIgniter\Boot::bootSpark(Object(Config\Paths))
#13 {main}
ERROR - 2025-01-17 16:53:57 --> mysqli_sql_exception: Failed to open the referenced table 'categories' in /var/www/system/Database/MySQLi/Connection.php:312
Stack trace:
#0 /var/www/system/Database/MySQLi/Connection.php(312): mysqli->query('ALTER TABLE `pr...', 0)
#1 /var/www/system/Database/BaseConnection.php(734): CodeIgniter\Database\MySQLi\Connection->execute('ALTER TABLE `pr...')
#2 /var/www/system/Database/BaseConnection.php(648): CodeIgniter\Database\BaseConnection->simpleQuery('ALTER TABLE `pr...')
#3 /var/www/app/Database/Migrations/2025-01-17-165112_AddCategoryIdToProduct.php(22): CodeIgniter\Database\BaseConnection->query('ALTER TABLE `pr...')
#4 /var/www/system/Database/MigrationRunner.php(866): App\Database\Migrations\AddCategoryIdToProduct->up()
#5 /var/www/system/Database/MigrationRunner.php(182): CodeIgniter\Database\MigrationRunner->migrate('up', Object(stdClass))
#6 /var/www/system/Commands/Database/Migrate.php(85): CodeIgniter\Database\MigrationRunner->latest(NULL)
#7 /var/www/system/CLI/Commands.php(70): CodeIgniter\Commands\Database\Migrate->run(Array)
#8 /var/www/system/CLI/Console.php(48): CodeIgniter\CLI\Commands->run('migrate', Array)
#9 /var/www/system/Boot.php(360): CodeIgniter\CLI\Console->run()
#10 /var/www/system/Boot.php(104): CodeIgniter\Boot::runCommand(Object(CodeIgniter\CLI\Console))
#11 /var/www/spark(84): CodeIgniter\Boot::bootSpark(Object(Config\Paths))
#12 {main}
